Arguments: 
  /usr/local/Cellar/node/14.10.1/bin/node /usr/local/Cellar/yarn/1.22.5/libexec/bin/yarn.js development

PATH: 
  /Users/ayushpandey/opt/miniconda3/bin:/Library/Frameworks/Python.framework/Versions/3.8/bin:/usr/local/bin:/usr/bin:/bin:/usr/sbin:/sbin:/Library/TeX/texbin:/opt/X11/bin:/Applications/Postgres.app/Contents/Versions/latest/bin

Yarn version: 
  1.22.5

Node version: 
  14.10.1

Platform: 
  darwin x64

Trace: 
  SyntaxError: /Users/ayushpandey/Work/react/socialmedia/package.json: Unexpected token / in JSON at position 312
      at JSON.parse (<anonymous>)
      at /usr/local/Cellar/yarn/1.22.5/libexec/lib/cli.js:1625:59
      at Generator.next (<anonymous>)
      at step (/usr/local/Cellar/yarn/1.22.5/libexec/lib/cli.js:310:30)
      at /usr/local/Cellar/yarn/1.22.5/libexec/lib/cli.js:321:13

npm manifest: 
  {
    "name": "socialmedia",
    "version": "1.0.0",
    "description": "basic social media application with MERN",
    "main": "index.js",
    "scripts": {
      "development": "nodemon",
      "build": "webpack --config webpack.config.client.production.js && webpack --mode=production --config webpack.config.server.js"
      //"start": "NODE_ENV=production node ./dist/server.generated.js"
    },
    "author": "",
    "license": "ISC",
    "dependencies": {
      "@hot-loader/react-dom": "16.13.0",
      "express": "4.17.1",
      "mongodb": "3.5.5",
      "react": "16.13.1",
      "react-dom": "16.13.1",
      "react-hot-loader": "4.12.20"
    },
    "devDependencies": {
      "@babel/core": "7.9.0",
      "@babel/preset-env": "7.9.0",
      "@babel/preset-react": "7.9.4",
      "babel-loader": "8.1.0",
      "nodemon": "2.0.2",
      "webpack": "4.42.1",
      "webpack-cli": "3.3.11",
      "webpack-dev-middleware": "3.7.2",
      "webpack-hot-middleware": "2.25.0",
      "webpack-node-externals": "1.7.2"
    }
  }

yarn manifest: 
  No manifest

Lockfile: 
  No lockfile
